=== Вт 24 дек 2024 06:29:45 MSK ===
               total        used        free      shared  buff/cache   available
Mem:            1968         751         939          16         277        1060
Swap:           2679         704        1975

=== Вт 24 дек 2024 06:29:50 MSK ===
               total        used        free      shared  buff/cache   available
Mem:            1968        1209         480          16         278         602
Swap:           2679         700        1979

=== Вт 24 дек 2024 06:29:55 MSK ===
               total        used        free      shared  buff/cache   available
Mem:            1968        1674          64          16         229         137
Swap:           2679         699        1980

=== Вт 24 дек 2024 06:30:00 MSK ===
               total        used        free      shared  buff/cache   available
Mem:            1968        1677          76          16         214         134
Swap:           2679        1107        1572

=== Вт 24 дек 2024 06:30:05 MSK ===
               total        used        free      shared  buff/cache   available
Mem:            1968        1726          74          13         168          88
Swap:           2679        1416        1263

=== Вт 24 дек 2024 06:30:10 MSK ===
               total        used        free      shared  buff/cache   available
Mem:            1968        1699          75          12         193         116
Swap:           2679        1630        1049

=== Вт 24 дек 2024 06:30:16 MSK ===
               total        used        free      shared  buff/cache   available
Mem:            1968        1761          83           5         123          69
Swap:           2679        1697         982

=== Вт 24 дек 2024 06:30:21 MSK ===
               total        used        free      shared  buff/cache   available
Mem:            1968        1733         103           5         131          93
Swap:           2679        2090         589

=== Вт 24 дек 2024 06:30:26 MSK ===
               total        used        free      shared  buff/cache   available
Mem:            1968        1732          90           5         145          91
Swap:           2679        2478         201

=== Вт 24 дек 2024 06:30:34 MSK ===
               total        used        free      shared  buff/cache   available
Mem:            1968        1886          51           4          30           9
Swap:           2679        2679           0

=== Вт 24 дек 2024 06:33:26 MSK ===
               total        used        free      shared  buff/cache   available
Mem:            1968        1437         236           5         294         387
Swap:           2679        1730         949

=== Вт 24 дек 2024 06:33:31 MSK ===
               total        used        free      shared  buff/cache   available
Mem:            1968        1695          75           6         197         127
Swap:           2679        1897         782

=== Вт 24 дек 2024 06:33:36 MSK ===
               total        used        free      shared  buff/cache   available
Mem:            1968        1720          72           3         175         104
Swap:           2679        2225         454

=== Вт 24 дек 2024 06:33:41 MSK ===
               total        used        free      shared  buff/cache   available
Mem:            1968        1749          92           2         126          81
Swap:           2679        2544         135

=== Вт 24 дек 2024 06:33:48 MSK ===
               total        used        free      shared  buff/cache   available
Mem:            1968        1890          51           1          26           8
Swap:           2679        2679           0

