=== Вт 24 дек 2024 14:19:47 MSK ===
               total        used        free      shared  buff/cache   available
Mem:            1968         731         405          36         831        1056
Swap:           2679           0        2679

=== Вт 24 дек 2024 14:19:52 MSK ===
               total        used        free      shared  buff/cache   available
Mem:            1968        1109          67          36         791         677
Swap:           2679           0        2679

=== Вт 24 дек 2024 14:19:57 MSK ===
               total        used        free      shared  buff/cache   available
Mem:            1968        1512          83          25         373         287
Swap:           2679          70        2609

=== Вт 24 дек 2024 14:20:02 MSK ===
               total        used        free      shared  buff/cache   available
Mem:            1968        1712          76          15         178          97
Swap:           2679         320        2359

=== Вт 24 дек 2024 14:20:07 MSK ===
               total        used        free      shared  buff/cache   available
Mem:            1968        1784          80          10         104          53
Swap:           2679         687        1992

=== Вт 24 дек 2024 14:20:12 MSK ===
               total        used        free      shared  buff/cache   available
Mem:            1968        1797          70           1         100          47
Swap:           2679        1072        1607

=== Вт 24 дек 2024 14:20:17 MSK ===
               total        used        free      shared  buff/cache   available
Mem:            1968        1808          78           1          82          45
Swap:           2679        1476        1203

=== Вт 24 дек 2024 14:20:22 MSK ===
               total        used        free      shared  buff/cache   available
Mem:            1968        1809          66           3          91          37
Swap:           2679        1787         892

=== Вт 24 дек 2024 14:20:27 MSK ===
               total        used        free      shared  buff/cache   available
Mem:            1968        1775          88           3         105          65
Swap:           2679        2098         581

=== Вт 24 дек 2024 14:20:32 MSK ===
               total        used        free      shared  buff/cache   available
Mem:            1968        1810          75           3          83          41
Swap:           2679        2495         184

=== Вт 24 дек 2024 14:20:41 MSK ===
               total        used        free      shared  buff/cache   available
Mem:            1968        1891          53           3          22           8
Swap:           2679        2679           0

=== Вт 24 дек 2024 14:22:26 MSK ===
               total        used        free      shared  buff/cache   available
Mem:            1968        1891          53           3          23           8
Swap:           2679        2679           0

